<?xml version="1.0" encoding="UTF-8"?>
<!-- Generated by org.testng.reporters.JUnitXMLReporter -->
<testsuite ignored="0" hostname="DESKTOP-SV17MOP" failures="0" tests="3" name="Default test" time="2.21" errors="0" timestamp="2024-10-19T11:38:52 IST">
  <testcase classname="TestScript.DynamicJSON" name="addBook" time="1.802"/>
  <testcase classname="TestScript.DynamicJSON" name="addBook" time="0.162"/>
  <testcase classname="TestScript.DynamicJSON" name="addBook" time="0.188"/>
</testsuite> <!-- Default test -->
