<?xml version="1.0" encoding="UTF-8"?>
<testng-results ignored="0" total="3" passed="3" failed="0" skipped="0">
  <reporter-output>
  </reporter-output>
  <suite started-at="2024-10-19T11:38:49 IST" name="Default suite" finished-at="2024-10-19T11:38:52 IST" duration-ms="2210">
    <groups>
    </groups>
    <test started-at="2024-10-19T11:38:49 IST" name="Default test" finished-at="2024-10-19T11:38:52 IST" duration-ms="2210">
      <class name="TestScript.DynamicJSON">
        <test-method signature="addBook(java.lang.String,java.lang.String)[pri:0, instance:TestScript.DynamicJSON@2d3379b4]" started-at="2024-10-19T11:38:49 IST" name="addBook" data-provider="BookData" finished-at="2024-10-19T11:38:51 IST" duration-ms="1802" status="PASS">
          <params>
            <param index="0">
              <value>
                <![CDATA[Ganesh]]>
              </value>
            </param>
            <param index="1">
              <value>
                <![CDATA[1210]]>
              </value>
            </param>
          </params>
          <reporter-output>
          </reporter-output>
        </test-method> <!-- addBook -->
        <test-method signature="addBook(java.lang.String,java.lang.String)[pri:0, instance:TestScript.DynamicJSON@2d3379b4]" started-at="2024-10-19T11:38:51 IST" name="addBook" data-provider="BookData" finished-at="2024-10-19T11:38:51 IST" duration-ms="162" status="PASS">
          <params>
            <param index="0">
              <value>
                <![CDATA[Praveen]]>
              </value>
            </param>
            <param index="1">
              <value>
                <![CDATA[1120]]>
              </value>
            </param>
          </params>
          <reporter-output>
          </reporter-output>
        </test-method> <!-- addBook -->
        <test-method signature="addBook(java.lang.String,java.lang.String)[pri:0, instance:TestScript.DynamicJSON@2d3379b4]" started-at="2024-10-19T11:38:51 IST" name="addBook" data-provider="BookData" finished-at="2024-10-19T11:38:52 IST" duration-ms="188" status="PASS">
          <params>
            <param index="0">
              <value>
                <![CDATA[balu]]>
              </value>
            </param>
            <param index="1">
              <value>
                <![CDATA[12101]]>
              </value>
            </param>
          </params>
          <reporter-output>
          </reporter-output>
        </test-method> <!-- addBook -->
      </class> <!-- TestScript.DynamicJSON -->
    </test> <!-- Default test -->
  </suite> <!-- Default suite -->
</testng-results>
